[D 230913 23:40:38 log:48] store_cd: 4624049, page_count: 1
[D 230913 23:40:38 log:48] store_cd: 4624049, page_count: 1
[D 230913 23:40:39 log:48] store_cd: 5839209, page_count: 1
[D 230913 23:40:43 log:48] store_cd: 912390005, page_count: 1
[D 230913 23:40:43 log:48] store_cd: 4255006, page_count: 1
[D 230913 23:40:43 log:48] store_cd: 912390005, page_count: 1
[D 230913 23:40:47 log:48] store_cd: 4706004, page_count: 1
[D 230913 23:40:47 log:48] store_cd: 1100368292, page_count: 1
[D 230913 23:40:48 log:48] store_cd: 3485062, page_count: 1
[D 230913 23:40:52 log:48] store_cd: 912390005, page_count: 1
[D 230913 23:40:52 log:48] store_cd: 4255006, page_count: 1
[D 230913 23:40:52 log:48] store_cd: 1102720724, page_count: 1
[D 230913 23:40:56 log:48] store_cd: 912390005, page_count: 1
[D 230913 23:40:56 log:48] store_cd: 5256188, page_count: 1
[D 230913 23:40:57 log:48] store_cd: 4255006, page_count: 1
[D 230913 23:41:01 log:48] store_cd: 5839208, page_count: 1
[D 230913 23:41:01 log:48] store_cd: 1102833269, page_count: 1
[D 230913 23:41:01 log:48] store_cd: 911928891, page_count: 1
[D 230913 23:41:05 log:48] store_cd: 925406, page_count: 1
[D 230913 23:41:06 log:48] store_cd: 4523014, page_count: 23
[D 230913 23:41:08 log:48] store_cd: 1102988012, page_count: 3
[D 230913 23:41:10 log:48] store_cd: 1102586528, page_count: 1
[D 230913 23:41:13 log:48] store_cd: 912023500, page_count: 1
[D 230913 23:41:16 log:48] store_cd: 5256188, page_count: 22
[D 230913 23:41:18 log:48] store_cd: 4255006, page_count: 2
[D 230913 23:41:24 log:48] store_cd: 912496002, page_count: 3
[D 230913 23:41:26 log:48] store_cd: 5113085, page_count: 3
[D 230913 23:41:29 log:48] store_cd: 912521943, page_count: 1
[D 230913 23:41:32 log:48] store_cd: 1100331124, page_count: 6
[D 230913 23:41:35 log:48] store_cd: 925406, page_count: 4
[D 230913 23:41:36 log:48] store_cd: 4624049, page_count: 8
[D 230913 23:41:40 log:48] store_cd: 912664322, page_count: 3
[D 230913 23:41:42 log:48] store_cd: 1924503, page_count: 19
[D 230913 23:41:45 log:48] store_cd: 4083001, page_count: 20
[D 230913 23:41:47 log:48] store_cd: 925406, page_count: 4
[D 230913 23:41:52 log:48] store_cd: 1102721645, page_count: 1
[D 230913 23:41:58 log:48] store_cd: 5839209, page_count: 5
[D 230913 23:41:59 log:48] store_cd: 1102883060, page_count: 5
[D 230913 23:42:03 log:48] store_cd: 911425169, page_count: 1
[D 230913 23:42:05 log:48] store_cd: 1454315, page_count: 1
[D 230913 23:42:06 log:48] store_cd: 2659192, page_count: 1
[D 230913 23:42:08 log:48] store_cd: 4884157, page_count: 1
[D 230913 23:42:10 log:48] store_cd: 911793593, page_count: 8
[D 230913 23:42:10 log:48] store_cd: 911883352, page_count: 1
[D 230913 23:42:13 log:48] store_cd: 925406, page_count: 1
[D 230913 23:42:16 log:48] store_cd: 2410058, page_count: 12
[D 230913 23:42:18 log:48] store_cd: 911716266, page_count: 1
[D 230913 23:42:19 log:48] store_cd: 4706057, page_count: 4
[D 230913 23:42:25 log:48] store_cd: 4622006, page_count: 12
[D 230913 23:42:26 log:48] store_cd: 5497123, page_count: 5
[D 230913 23:42:28 log:48] store_cd: 524623, page_count: 21
[D 230913 23:42:34 log:48] store_cd: 912038064, page_count: 11
[D 230913 23:42:37 log:48] store_cd: 1102818487, page_count: 6
[D 230913 23:42:46 log:48] store_cd: 738598, page_count: 7
[D 230913 23:42:46 log:48] store_cd: 5973338, page_count: 6
[D 230913 23:42:50 log:48] store_cd: 912589114, page_count: 7
[D 230913 23:42:55 log:48] store_cd: 1654153, page_count: 12
[D 230913 23:42:56 log:48] store_cd: 910316011, page_count: 13
[D 230913 23:42:59 log:48] store_cd: 4884157, page_count: 16
[D 230913 23:43:06 log:48] store_cd: 1102721645, page_count: 1
[D 230913 23:43:08 log:48] store_cd: 4310016, page_count: 1
[D 230913 23:43:12 log:48] store_cd: 4876037, page_count: 19
[D 230913 23:43:13 log:48] store_cd: 912390005, page_count: 1
[D 230913 23:43:14 log:48] store_cd: 912071446, page_count: 17
[D 230913 23:43:18 log:48] store_cd: 912390005, page_count: 27
[D 230913 23:43:29 log:48] store_cd: 912390005, page_count: 27
[D 230913 23:43:31 log:48] store_cd: 925406, page_count: 1
[D 230913 23:43:37 log:48] store_cd: 912390005, page_count: 27
[D 230913 23:43:39 log:48] store_cd: 1102373283, page_count: 1
[D 230913 23:43:44 log:48] store_cd: 620328, page_count: 1
[D 230913 23:43:50 log:48] store_cd: 1102818487, page_count: 6
[D 230913 23:43:51 log:48] store_cd: 2838102, page_count: 9
[D 230913 23:43:57 log:48] store_cd: 2841022, page_count: 27
[D 230913 23:43:58 log:48] store_cd: 1102154190, page_count: 17
[D 230913 23:44:02 log:48] store_cd: 1102154190, page_count: 17
[D 230913 23:44:15 log:48] store_cd: 1102154190, page_count: 17
[D 230913 23:44:19 log:48] store_cd: 1102853462, page_count: 2
[D 230913 23:44:22 log:48] store_cd: 912390005, page_count: 1
[D 230913 23:44:25 log:48] store_cd: 4381015, page_count: 20
[D 230913 23:44:28 log:48] store_cd: 1102185067, page_count: 14
[D 230913 23:44:31 log:48] store_cd: 5839209, page_count: 5
[D 230913 23:44:40 log:48] store_cd: 1100367576, page_count: 3
[D 230913 23:44:41 log:48] store_cd: 1102580022, page_count: 1
[D 230913 23:44:41 log:48] store_cd: 912390005, page_count: 1
[D 230913 23:44:45 log:48] store_cd: 4523014, page_count: 1
[D 230913 23:44:46 log:48] store_cd: 912390005, page_count: 1
[D 230913 23:44:46 log:48] store_cd: 620328, page_count: 1
[D 230913 23:44:50 log:48] store_cd: 5037145, page_count: 24
[D 230913 23:44:51 log:48] store_cd: 912390005, page_count: 1
[D 230913 23:44:52 log:48] store_cd: 911928891, page_count: 15
[D 230913 23:44:57 log:48] store_cd: 2408075, page_count: 7
[D 230913 23:45:04 log:48] store_cd: 1100143384, page_count: 1
[D 230913 23:45:07 log:48] store_cd: 911252135, page_count: 25
[D 230913 23:45:08 log:48] store_cd: 5616042, page_count: 1
[D 230913 23:45:11 log:48] store_cd: 1687139, page_count: 14
[D 230913 23:45:13 log:48] store_cd: 1102186072, page_count: 13
[D 230913 23:45:23 log:48] store_cd: 3889013, page_count: 1
[D 230913 23:45:25 log:48] store_cd: 1100368292, page_count: 23
[D 230913 23:45:29 log:48] store_cd: 912390005, page_count: 27
[D 230913 23:45:30 log:48] store_cd: 911879298, page_count: 12
[D 230913 23:45:39 log:48] store_cd: 2401106, page_count: 1
[D 230913 23:45:41 log:48] store_cd: 1100219545, page_count: 1
[D 230913 23:45:43 log:48] store_cd: 912071446, page_count: 1
[D 230913 23:45:46 log:48] store_cd: 1102876851, page_count: 1
[D 230913 23:45:47 log:48] store_cd: 5940017, page_count: 1
[D 230913 23:45:48 log:48] store_cd: 5032063, page_count: 1
[D 230913 23:45:50 log:48] store_cd: 1102695116, page_count: 1
[D 230913 23:45:51 log:48] store_cd: 925406, page_count: 1
[D 230913 23:45:53 log:48] store_cd: 5958012, page_count: 1
[D 230913 23:45:55 log:48] store_cd: 911612161, page_count: 1
[D 230913 23:45:55 log:48] store_cd: 2794159, page_count: 1
[D 230913 23:45:57 log:48] store_cd: 1102487543, page_count: 1
[D 230913 23:45:59 log:48] store_cd: 1102766470, page_count: 1
[D 230913 23:46:00 log:48] store_cd: 4857018, page_count: 1
[D 230913 23:46:02 log:48] store_cd: 4495056, page_count: 1
[D 230913 23:46:04 log:48] store_cd: 911810142, page_count: 1
[D 230913 23:46:05 log:48] store_cd: 3876020, page_count: 1
[D 230913 23:46:06 log:48] store_cd: 910891005, page_count: 1
[D 230913 23:46:08 log:48] store_cd: 1102788330, page_count: 1
[D 230913 23:46:09 log:48] store_cd: 3079008, page_count: 1
[D 230913 23:46:11 log:48] store_cd: 1102487543, page_count: 1
[D 230913 23:46:13 log:48] store_cd: 5240334, page_count: 1
[D 230913 23:46:14 log:48] store_cd: 5240334, page_count: 1
[D 230913 23:46:15 log:48] store_cd: 1984375, page_count: 1
[D 230913 23:46:17 log:48] store_cd: 2918044, page_count: 1
[D 230913 23:46:18 log:48] store_cd: 1918031, page_count: 1
[D 230913 23:46:20 log:48] store_cd: 912017362, page_count: 1
[D 230913 23:46:22 log:48] store_cd: 1102474027, page_count: 1
[D 230913 23:46:22 log:48] store_cd: 1102633578, page_count: 1
[D 230913 23:46:24 log:48] store_cd: 1102474027, page_count: 1
[D 230913 23:46:26 log:48] store_cd: 1102728454, page_count: 1
[D 230913 23:46:27 log:48] store_cd: 1102696691, page_count: 1
[D 230913 23:46:30 log:48] func:get_ordered_item_urls, 処理終了：2023/09/13 23:46:30, 処理時間：354.60230708122253 [sec]
[I 230913 23:46:30 log:52] ▼ストアコードから注文表示のある商品ページURLを取得完了
[I 230913 23:46:30 log:52] ▼商品ページURLから情報を取得開始
[D 230913 23:46:30 log:48] func:get_item_datas, 処理開始：2023/09/13 23:46:30
[I 230913 23:46:30 log:52] 4353件の商品データを取得します
[D 230914 00:36:28 log:48] func:get_item_datas, 処理終了：2023/09/14 00:36:28, 処理時間：2998.2757370471954 [sec]
[I 230914 00:36:28 log:52] ▼商品ページURLから情報を取得完了
[I 230914 00:36:28 log:52] ▲---------------処理終了: 2023/09/14 00:36:28---------------▲
